MyCollection.__construct(E:\var\www\sabre\html\public)
MyCollection.__construct(E:\var\www\sabre\html\public)
MyCollection.__construct(E:\var\www\sabre\html\public)
MyCollection.__construct(E:\var\www\sabre\html\public)
MyCollection.getChild(Desktop.ini). path=
MyCollection.__construct(E:\var\www\sabre\html\public)
MyCollection.getChild(Desktop.ini). path=
MyCollection.__construct(E:\var\www\sabre\html\public)
MyCollection.getChild(AutoRun.inf). path=
MyCollection.__construct(E:\var\www\sabre\html\public)
MyCollection.getChild(desktop.ini). path=
MyCollection.__construct(E:\var\www\sabre\html\public)
MyCollection.getChild(desktop.ini). path=
MyCollection.__construct(E:\var\www\sabre\html\public)
MyCollection.getChildren(E:\var\www\sabre\html\public)
MyCollection.getChild(folder1). path=
MyCollection.__construct(folder1)
MyCollection.getChild(folder2). path=
MyCollection.__construct(folder2)
MyCollection.getChild(test.txt). path=
MyCollection.__construct(E:\var\www\sabre\html\public)
MyCollection.getChild(desktop.ini). path=E:\var\www\sabre\html\public/desktop.ini
MyCollection.__construct(E:\var\www\sabre\html\public)
MyCollection.__construct(E:\var\www\sabre\html\public)
MyCollection.getChild(desktop.ini). path=E:\var\www\sabre\html\public/desktop.ini
MyCollection.__construct(E:\var\www\sabre\html\public)
MyCollection.getChild(desktop.ini). path=E:\var\www\sabre\html\public/desktop.ini
MyCollection.__construct(E:\var\www\sabre\html\public)
MyCollection.getChild(desktop.ini). path=E:\var\www\sabre\html\public/desktop.ini
MyCollection.__construct(E:\var\www\sabre\html\public)
MyCollection.getChild(desktop.ini). path=E:\var\www\sabre\html\public/desktop.ini
MyCollection.__construct(E:\var\www\sabre\html\public)
MyCollection.getChildren(E:\var\www\sabre\html\public)
MyCollection.getChild(folder1). path=E:\var\www\sabre\html\public/folder1
MyCollection.__construct(folder1)
MyCollection.getChild(folder2). path=E:\var\www\sabre\html\public/folder2
MyCollection.__construct(folder2)
MyCollection.getChild(test.txt). path=E:\var\www\sabre\html\public/test.txt
MyCollection.__construct(E:\var\www\sabre\html\public)
MyCollection.getChild(desktop.ini). path=E:\var\www\sabre\html\public/desktop.ini
MyCollection.__construct(E:\var\www\sabre\html\public)
MyCollection.getChild(desktop.ini). path=E:\var\www\sabre\html\public/desktop.ini
MyCollection.__construct(E:\var\www\sabre\html\public)
MyCollection.getChild(desktop.ini). path=E:\var\www\sabre\html\public/desktop.ini
MyCollection.__construct(E:\var\www\sabre\html\public)
MyCollection.getChild(desktop.ini). path=E:\var\www\sabre\html\public/desktop.ini
MyCollection.__construct(E:\var\www\sabre\html\public)
MyCollection.getChild(desktop.ini). path=E:\var\www\sabre\html\public/desktop.ini
MyCollection.__construct(E:\var\www\sabre\html\public)
MyCollection.getChild(desktop.ini). path=E:\var\www\sabre\html\public/desktop.ini
MyCollection.__construct(E:\var\www\sabre\html\public)
MyCollection.__construct(E:\var\www\sabre\html\public)
MyCollection.getChild(desktop.ini). path=E:\var\www\sabre\html\public/desktop.ini
MyCollection.__construct(E:\var\www\sabre\html\public)
MyCollection.getChild(desktop.ini). path=E:\var\www\sabre\html\public/desktop.ini
MyCollection.__construct(E:\var\www\sabre\html\public)
MyCollection.getChild(test.txt). path=E:\var\www\sabre\html\public/test.txt
MyCollection.__construct(E:\var\www\sabre\html\public)
MyCollection.getChild(desktop.ini). path=E:\var\www\sabre\html\public/desktop.ini
MyCollection.__construct(E:\var\www\sabre\html\public)
MyCollection.getChild(desktop.ini). path=E:\var\www\sabre\html\public/desktop.ini
MyCollection.__construct(E:\var\www\sabre\html\public)
MyCollection.__construct(E:\var\www\sabre\html\public)
MyCollection.getChild(test.txt). path=E:\var\www\sabre\html\public/test.txt
MyCollection.__construct(E:\var\www\sabre\html\public)
MyCollection.getChild(test.txt). path=E:\var\www\sabre\html\public/test.txt
MyCollection.getChild(test.txt). path=E:\var\www\sabre\html\public/test.txt
MyCollection.__construct(E:\var\www\sabre\html\public)
MyCollection.getChild(test.txt). path=E:\var\www\sabre\html\public/test.txt
MyCollection.getChild(test.txt). path=E:\var\www\sabre\html\public/test.txt
MyCollection.__construct(E:\var\www\sabre\html\public)
MyCollection.getChild(test.txt). path=E:\var\www\sabre\html\public/test.txt
MyCollection.getChild(test.txt). path=E:\var\www\sabre\html\public/test.txt
MyCollection.__construct(E:\var\www\sabre\html\public)
MyCollection.getChild(test.txt). path=E:\var\www\sabre\html\public/test.txt
MyCollection.getChild(test.txt). path=E:\var\www\sabre\html\public/test.txt
MyCollection.__construct(E:\var\www\sabre\html\public)
MyCollection.__construct(E:\var\www\sabre\html\public)
MyCollection.getChild(test.txt). path=E:\var\www\sabre\html\public/test.txt
MyCollection.getChild(desktop.ini). path=E:\var\www\sabre\html\public/desktop.ini
MyCollection.__construct(E:\var\www\sabre\html\public)
MyCollection.__construct(E:\var\www\sabre\html\public)
MyCollection.getChild(test.txt). path=E:\var\www\sabre\html\public/test.txt
MyCollection.__construct(E:\var\www\sabre\html\public)
MyCollection.getChild(desktop.ini). path=E:\var\www\sabre\html\public/desktop.ini
MyCollection.__construct(E:\var\www\sabre\html\public)
MyCollection.getChild(desktop.ini). path=E:\var\www\sabre\html\public/desktop.ini
MyCollection.__construct(E:\var\www\sabre\html\public)
MyCollection.getChild(desktop.ini). path=E:\var\www\sabre\html\public/desktop.ini
MyCollection.__construct(E:\var\www\sabre\html\public)
MyCollection.getChild(desktop.ini). path=E:\var\www\sabre\html\public/desktop.ini
MyCollection.__construct(E:\var\www\sabre\html\public)
MyCollection.__construct(E:\var\www\sabre\html\public)
MyCollection.getChild(folder2). path=E:\var\www\sabre\html\public/folder2
MyCollection.__construct(folder2)
MyCollection.__construct(E:\var\www\sabre\html\public)
MyCollection.getChild(desktop.ini). path=E:\var\www\sabre\html\public/desktop.ini
MyCollection.__construct(E:\var\www\sabre\html\public)
MyCollection.getChild(folder2). path=E:\var\www\sabre\html\public/folder2
MyCollection.__construct(E:\var\www\sabre\html\public)
MyCollection.__construct(folder2)
MyCollection.getChildren(folder2)
MyCollection.__construct(E:\var\www\sabre\html\public)
MyCollection.__construct(E:\var\www\sabre\html\public)
MyCollection.getChild(folder2). path=E:\var\www\sabre\html\public/folder2
MyCollection.__construct(folder2)
MyCollection.getChildren(folder2)
MyCollection.getChild(desktop.ini). path=E:\var\www\sabre\html\public/desktop.ini
MyCollection.__construct(E:\var\www\sabre\html\public)
MyCollection.__construct(E:\var\www\sabre\html\public)
MyCollection.getChild(folder2). path=E:\var\www\sabre\html\public/folder2
MyCollection.__construct(folder2)
MyCollection.getChild(desktop.ini). path=folder2/desktop.ini
MyCollection.getChild(desktop.ini). path=E:\var\www\sabre\html\public/desktop.ini
MyCollection.__construct(E:\var\www\sabre\html\public)
MyCollection.getChild(desktop.ini). path=E:\var\www\sabre\html\public/desktop.ini
MyCollection.__construct(E:\var\www\sabre\html\public)
MyCollection.getChild(desktop.ini). path=E:\var\www\sabre\html\public/desktop.ini
MyCollection.__construct(E:\var\www\sabre\html\public)
MyCollection.__construct(E:\var\www\sabre\html\public)
MyCollection.__construct(E:\var\www\sabre\html\public)
MyCollection.getChild(desktop.ini). path=E:\var\www\sabre\html\public/desktop.ini
MyCollection.getChild(desktop.ini). path=E:\var\www\sabre\html\public/desktop.ini
MyCollection.__construct(E:\var\www\sabre\html\public)
MyCollection.__construct(E:\var\www\sabre\html\public)
MyCollection.getChild(desktop.ini). path=E:\var\www\sabre\html\public/desktop.ini
MyCollection.__construct(E:\var\www\sabre\html\public)
MyCollection.__construct(E:\var\www\sabre\html\public)
MyCollection.getChild(desktop.ini). path=E:\var\www\sabre\html\public/desktop.ini
MyCollection.getChildren(E:\var\www\sabre\html\public)
MyCollection.getChild(folder1). path=E:\var\www\sabre\html\public/folder1
MyCollection.__construct(E:\var\www\sabre\html\public/folder1)
MyCollection.getChild(folder2). path=E:\var\www\sabre\html\public/folder2
MyCollection.__construct(E:\var\www\sabre\html\public/folder2)
MyCollection.getChild(test.txt). path=E:\var\www\sabre\html\public/test.txt
MyCollection.__construct(E:\var\www\sabre\html\public)
MyCollection.getChild(desktop.ini). path=E:\var\www\sabre\html\public/desktop.ini
MyCollection.__construct(E:\var\www\sabre\html\public)
MyCollection.getChild(desktop.ini). path=E:\var\www\sabre\html\public/desktop.ini
MyCollection.__construct(E:\var\www\sabre\html\public)
MyCollection.getChild(desktop.ini). path=E:\var\www\sabre\html\public/desktop.ini
MyCollection.__construct(E:\var\www\sabre\html\public)
MyCollection.getChild(desktop.ini). path=E:\var\www\sabre\html\public/desktop.ini
MyCollection.__construct(E:\var\www\sabre\html\public)
MyCollection.getChild(desktop.ini). path=E:\var\www\sabre\html\public/desktop.ini
MyCollection.__construct(E:\var\www\sabre\html\public)
MyCollection.getChild(folder2). path=E:\var\www\sabre\html\public/folder2
MyCollection.__construct(E:\var\www\sabre\html\public/folder2)
MyCollection.getChildren(E:\var\www\sabre\html\public/folder2)
MyCollection.getChild(super.docx). path=E:\var\www\sabre\html\public/folder2/super.docx
MyCollection.__construct(E:\var\www\sabre\html\public)
MyCollection.getChild(folder2). path=E:\var\www\sabre\html\public/folder2
MyCollection.__construct(E:\var\www\sabre\html\public/folder2)
MyCollection.getChild(desktop.ini). path=E:\var\www\sabre\html\public/folder2/desktop.ini
MyCollection.__construct(E:\var\www\sabre\html\public)
MyCollection.getChild(folder2). path=E:\var\www\sabre\html\public/folder2
MyCollection.__construct(E:\var\www\sabre\html\public/folder2)
MyCollection.getChild(desktop.ini). path=E:\var\www\sabre\html\public/folder2/desktop.ini
MyCollection.__construct(E:\var\www\sabre\html\public)
MyCollection.getChild(desktop.ini). path=E:\var\www\sabre\html\public/desktop.ini
MyCollection.__construct(E:\var\www\sabre\html\public)
MyCollection.__construct(E:\var\www\sabre\html\public)
MyCollection.getChild(folder2). path=E:\var\www\sabre\html\public/folder2
MyCollection.__construct(E:\var\www\sabre\html\public/folder2)
MyCollection.getChildren(E:\var\www\sabre\html\public/folder2)
MyCollection.getChild(super.docx). path=E:\var\www\sabre\html\public/folder2/super.docx
MyCollection.__construct(E:\var\www\sabre\html\public)
MyCollection.__construct(E:\var\www\sabre\html\public)
MyCollection.getChild(desktop.ini). path=E:\var\www\sabre\html\public/desktop.ini
MyCollection.getChild(folder2). path=E:\var\www\sabre\html\public/folder2
MyCollection.__construct(E:\var\www\sabre\html\public/folder2)
MyCollection.getChild(desktop.ini). path=E:\var\www\sabre\html\public/folder2/desktop.ini
MyCollection.__construct(E:\var\www\sabre\html\public)
MyCollection.__construct(E:\var\www\sabre\html\public)
MyCollection.getChild(desktop.ini). path=E:\var\www\sabre\html\public/desktop.ini
MyCollection.getChild(folder2). path=E:\var\www\sabre\html\public/folder2
MyCollection.__construct(E:\var\www\sabre\html\public/folder2)
MyCollection.getChild(desktop.ini). path=E:\var\www\sabre\html\public/folder2/desktop.ini
MyCollection.__construct(E:\var\www\sabre\html\public)
MyCollection.getChild(folder2). path=E:\var\www\sabre\html\public/folder2
MyCollection.__construct(E:\var\www\sabre\html\public/folder2)
MyCollection.getChild(desktop.ini). path=E:\var\www\sabre\html\public/folder2/desktop.ini
MyCollection.__construct(E:\var\www\sabre\html\public)
MyCollection.getChild(folder2). path=E:\var\www\sabre\html\public/folder2
MyCollection.__construct(E:\var\www\sabre\html\public/folder2)
MyCollection.getChild(desktop.ini). path=E:\var\www\sabre\html\public/folder2/desktop.ini
MyCollection.__construct(E:\var\www\sabre\html\public)
MyCollection.getChild(folder2). path=E:\var\www\sabre\html\public/folder2
MyCollection.__construct(E:\var\www\sabre\html\public/folder2)
MyCollection.__construct(E:\var\www\sabre\html\public)
MyCollection.getChild(folder2). path=E:\var\www\sabre\html\public/folder2
MyCollection.__construct(E:\var\www\sabre\html\public/folder2)
MyCollection.getChildren(E:\var\www\sabre\html\public/folder2)
MyCollection.getChild(super.docx). path=E:\var\www\sabre\html\public/folder2/super.docx
MyCollection.__construct(E:\var\www\sabre\html\public)
MyCollection.__construct(E:\var\www\sabre\html\public)
MyCollection.getChild(folder2). path=E:\var\www\sabre\html\public/folder2
MyCollection.__construct(E:\var\www\sabre\html\public/folder2)
MyCollection.getChild(desktop.ini). path=E:\var\www\sabre\html\public/folder2/desktop.ini
MyCollection.__construct(E:\var\www\sabre\html\public)
MyCollection.getChild(folder2). path=E:\var\www\sabre\html\public/folder2
MyCollection.__construct(E:\var\www\sabre\html\public/folder2)
MyCollection.getChild(desktop.ini). path=E:\var\www\sabre\html\public/folder2/desktop.ini
MyCollection.__construct(E:\var\www\sabre\html\public)
MyCollection.getChild(desktop.ini). path=E:\var\www\sabre\html\public/desktop.ini
MyCollection.__construct(E:\var\www\sabre\html\public)
MyCollection.getChild(desktop.ini). path=E:\var\www\sabre\html\public/desktop.ini
MyCollection.__construct(E:\var\www\sabre\html\public)
MyCollection.getChildren(E:\var\www\sabre\html\public)
MyCollection.getChild(folder1). path=E:\var\www\sabre\html\public/folder1
MyCollection.__construct(E:\var\www\sabre\html\public/folder1)
MyCollection.getChild(folder2). path=E:\var\www\sabre\html\public/folder2
MyCollection.__construct(E:\var\www\sabre\html\public/folder2)
MyCollection.getChild(test.txt). path=E:\var\www\sabre\html\public/test.txt
MyCollection.__construct(E:\var\www\sabre\html\public)
MyCollection.getChild(desktop.ini). path=E:\var\www\sabre\html\public/desktop.ini
MyCollection.__construct(E:\var\www\sabre\html\public)
MyCollection.getChild(folder2). path=E:\var\www\sabre\html\public/folder2
MyCollection.__construct(E:\var\www\sabre\html\public/folder2)
MyCollection.getChildren(E:\var\www\sabre\html\public/folder2)
MyCollection.getChild(super.docx). path=E:\var\www\sabre\html\public/folder2/super.docx
MyCollection.__construct(E:\var\www\sabre\html\public)
MyCollection.getChild(folder1). path=E:\var\www\sabre\html\public/folder1
MyCollection.__construct(E:\var\www\sabre\html\public/folder1)
MyCollection.getChildren(E:\var\www\sabre\html\public/folder1)
MyCollection.getChild(file.txt). path=E:\var\www\sabre\html\public/folder1/file.txt
MyCollection.__construct(E:\var\www\sabre\html\public)
MyCollection.getChild(folder1). path=E:\var\www\sabre\html\public/folder1
MyCollection.__construct(E:\var\www\sabre\html\public/folder1)
MyCollection.getChild(desktop.ini). path=E:\var\www\sabre\html\public/folder1/desktop.ini
MyCollection.__construct(E:\var\www\sabre\html\public)
MyCollection.getChild(folder1). path=E:\var\www\sabre\html\public/folder1
MyCollection.__construct(E:\var\www\sabre\html\public/folder1)
MyCollection.getChild(desktop.ini). path=E:\var\www\sabre\html\public/folder1/desktop.ini
MyCollection.__construct(E:\var\www\sabre\html\public)
MyCollection.getChild(folder1). path=E:\var\www\sabre\html\public/folder1
MyCollection.__construct(E:\var\www\sabre\html\public/folder1)
MyCollection.getChild(file.txt). path=E:\var\www\sabre\html\public/folder1/file.txt
MyCollection.__construct(E:\var\www\sabre\html\public)
MyCollection.__construct(E:\var\www\sabre\html\public)
MyCollection.__construct(E:\var\www\sabre\html\public)
MyCollection.getChild(Desktop.ini). path=E:\var\www\sabre\html\public/Desktop.ini
MyCollection.__construct(E:\var\www\sabre\html\public)
MyCollection.getChild(Desktop.ini). path=E:\var\www\sabre\html\public/Desktop.ini
MyCollection.__construct(E:\var\www\sabre\html\public)
MyCollection.getChild(AutoRun.inf). path=E:\var\www\sabre\html\public/AutoRun.inf
MyCollection.__construct(E:\var\www\sabre\html\public)
MyCollection.getChild(AutoRun.inf). path=E:\var\www\sabre\html\public/AutoRun.inf
MyCollection.__construct(E:\var\www\sabre\html\public)
MyCollection.getChildren(E:\var\www\sabre\html\public)
MyCollection.getChild(folder1). path=E:\var\www\sabre\html\public/folder1
MyCollection.__construct(E:\var\www\sabre\html\public/folder1)
MyCollection.getChild(folder2). path=E:\var\www\sabre\html\public/folder2
MyCollection.__construct(E:\var\www\sabre\html\public/folder2)
MyCollection.getChild(test.txt). path=E:\var\www\sabre\html\public/test.txt
MyCollection.__construct(E:\var\www\sabre\html\public)
MyCollection.getChild(desktop.ini). path=E:\var\www\sabre\html\public/desktop.ini
MyCollection.__construct(E:\var\www\sabre\html\public)
MyCollection.getChild(folder2). path=E:\var\www\sabre\html\public/folder2
MyCollection.__construct(E:\var\www\sabre\html\public/folder2)
MyCollection.getChildren(E:\var\www\sabre\html\public/folder2)
MyCollection.getChild(super.docx). path=E:\var\www\sabre\html\public/folder2/super.docx
MyCollection.__construct(E:\var\www\sabre\html\public)
MyCollection.getChild(folder2). path=E:\var\www\sabre\html\public/folder2
MyCollection.__construct(E:\var\www\sabre\html\public/folder2)
MyCollection.getChild(desktop.ini). path=E:\var\www\sabre\html\public/folder2/desktop.ini
MyCollection.__construct(E:\var\www\sabre\html\public)
MyCollection.getChild(folder2). path=E:\var\www\sabre\html\public/folder2
MyCollection.__construct(E:\var\www\sabre\html\public/folder2)
MyCollection.getChild(desktop.ini). path=E:\var\www\sabre\html\public/folder2/desktop.ini
MyCollection.__construct(E:\var\www\sabre\html\public)
MyCollection.__construct(E:\var\www\sabre\html\public)
MyCollection.getChild(desktop.ini). path=E:\var\www\sabre\html\public/desktop.ini
MyCollection.__construct(E:\var\www\sabre\html\public)
MyCollection.getChild(desktop.ini). path=E:\var\www\sabre\html\public/desktop.ini
MyCollection.__construct(E:\var\www\sabre\html\public)
MyCollection.getChild(desktop.ini). path=E:\var\www\sabre\html\public/desktop.ini
MyCollection.__construct(E:\var\www\sabre\html\public)
MyCollection.getChild(test.txt). path=E:\var\www\sabre\html\public/test.txt
MyCollection.__construct(E:\var\www\sabre\html\public)
MyCollection.getChild(test.txt). path=E:\var\www\sabre\html\public/test.txt
MyCollection.__construct(E:\var\www\sabre\html\public)
MyCollection.getChildren(E:\var\www\sabre\html\public)
MyCollection.getChild(folder1). path=E:\var\www\sabre\html\public/folder1
MyCollection.__construct(E:\var\www\sabre\html\public/folder1)
MyCollection.getChild(folder2). path=E:\var\www\sabre\html\public/folder2
MyCollection.__construct(E:\var\www\sabre\html\public/folder2)
MyCollection.getChild(test.txt). path=E:\var\www\sabre\html\public/test.txt
MyCollection.__construct(E:\var\www\sabre\html\public)
MyCollection.__construct(E:\var\www\sabre\html\public)
MyCollection.__construct(E:\var\www\sabre\html\public)
MyCollection.__construct(E:\var\www\sabre\html\public)
MyCollection.__construct(E:\var\www\sabre\html\public)
MyCollection.__construct(E:\var\www\sabre\html\public)
MyCollection.__construct(E:\var\www\sabre\html\public)
MyCollection.__construct(E:\var\www\sabre\html\public)
MyCollection.__construct(E:\var\www\sabre\html\public)
MyCollection.__construct(E:\var\www\sabre\html\public)
MyCollection.__construct(E:\var\www\sabre\html\public)
MyCollection.__construct(E:\var\www\sabre\html\public)
MyCollection.__construct(E:\var\www\sabre\html\public)
MyCollection.getChild(Desktop.ini). path=E:\var\www\sabre\html\public/Desktop.ini
MyCollection.__construct(E:\var\www\sabre\html\public)
MyCollection.getChild(Desktop.ini). path=E:\var\www\sabre\html\public/Desktop.ini
MyCollection.__construct(E:\var\www\sabre\html\public)
MyCollection.getChild(AutoRun.inf). path=E:\var\www\sabre\html\public/AutoRun.inf
MyCollection.__construct(E:\var\www\sabre\html\public)
MyCollection.__construct(E:\var\www\sabre\html\public)
MyCollection.__construct(E:\var\www\sabre\html\public)
MyCollection.getChild(desktop.ini). path=E:\var\www\sabre\html\public/desktop.ini
MyCollection.__construct(E:\var\www\sabre\html\public)
MyCollection.getChild(desktop.ini). path=E:\var\www\sabre\html\public/desktop.ini
MyCollection.__construct(E:\var\www\sabre\html\public)
MyCollection.getChild(desktop.ini). path=E:\var\www\sabre\html\public/desktop.ini
MyCollection.__construct(E:\var\www\sabre\html\public)
MyCollection.getChild(desktop.ini). path=E:\var\www\sabre\html\public/desktop.ini
MyCollection.__construct(E:\var\www\sabre\html\public)
MyCollection.getChild(desktop.ini). path=E:\var\www\sabre\html\public/desktop.ini
MyCollection.__construct(E:\var\www\sabre\html\public)
MyCollection.getChild(desktop.ini). path=E:\var\www\sabre\html\public/desktop.ini
MyCollection.__construct(E:\var\www\sabre\html\public)
MyCollection.getChildren(E:\var\www\sabre\html\public)
MyCollection.getChild(folder1). path=E:\var\www\sabre\html\public/folder1
MyCollection.__construct(E:\var\www\sabre\html\public)
MyCollection.__construct(E:\var\www\sabre\html\public)
MyCollection.getChild(desktop.ini). path=E:\var\www\sabre\html\public/desktop.ini
MyCollection.__construct(E:\var\www\sabre\html\public)
MyCollection.getChild(desktop.ini). path=E:\var\www\sabre\html\public/desktop.ini
MyCollection.__construct(E:\var\www\sabre\html\public)
MyCollection.getChild(desktop.ini). path=E:\var\www\sabre\html\public/desktop.ini
MyCollection.__construct(E:\var\www\sabre\html\public)
MyCollection.getChild(desktop.ini). path=E:\var\www\sabre\html\public/desktop.ini
MyCollection.__construct(E:\var\www\sabre\html\public)
MyCollection.getChild(desktop.ini). path=E:\var\www\sabre\html\public/desktop.ini
MyCollection.__construct(E:\var\www\sabre\html\public)
MyCollection.getChild(desktop.ini). path=E:\var\www\sabre\html\public/desktop.ini
MyCollection.__construct(E:\var\www\sabre\html\public)
MyCollection.__construct(E:\var\www\sabre\html\public)
MyCollection.getChild(asdf). path=E:\var\www\sabre\html\public/asdf
MyCollection.__construct(E:\var\www\sabre\html\public)
MyCollection.getChild(asdf). path=E:\var\www\sabre\html\public/asdf
MyCollection.__construct(E:\var\www\sabre\html\public)
MyCollection.getChild(asdf). path=E:\var\www\sabre\html\public/asdf
MyCollection.__construct(E:\var\www\sabre\html\public)
MyCollection.__construct(E:\var\www\sabre\html\public)
MyCollection.__construct(E:\var\www\sabre\html\public)
MyCollection.__construct(E:\var\www\sabre\html\public)
MyCollection.__construct(E:\var\www\sabre\html\public)
MyCollection.__construct(E:\var\www\sabre\html\public)
MyCollection.getChild(Desktop.ini). path=E:\var\www\sabre\html\public/Desktop.ini
MyCollection.__construct(E:\var\www\sabre\html\public)
MyCollection.getChild(Desktop.ini). path=E:\var\www\sabre\html\public/Desktop.ini
MyCollection.__construct(E:\var\www\sabre\html\public)
MyCollection.getChild(AutoRun.inf). path=E:\var\www\sabre\html\public/AutoRun.inf
MyCollection.__construct(E:\var\www\sabre\html\public)
MyCollection.getChild(AutoRun.inf). path=E:\var\www\sabre\html\public/AutoRun.inf
MyCollection.__construct(E:\var\www\sabre\html\public)
MyCollection.getChildren(E:\var\www\sabre\html\public)
MyCollection.getChild(folder1). path=E:\var\www\sabre\html\public/folder1
MyCollection.__construct(E:\var\www\sabre\html\public/folder1)
MyCollection.getChild(folder2). path=E:\var\www\sabre\html\public/folder2
MyCollection.__construct(E:\var\www\sabre\html\public/folder2)
MyCollection.getChild(test.txt). path=E:\var\www\sabre\html\public/test.txt
MyCollection.__construct(E:\var\www\sabre\html\public)
MyCollection.getChild(desktop.ini). path=E:\var\www\sabre\html\public/desktop.ini
MyCollection.__construct(E:\var\www\sabre\html\public)
MyCollection.getChild(test.txt). path=E:\var\www\sabre\html\public/test.txt
MyCollection.__construct(E:\var\www\sabre\html\public)
MyCollection.getChild(folder2). path=E:\var\www\sabre\html\public/folder2
MyCollection.__construct(E:\var\www\sabre\html\public/folder2)
MyCollection.getChildren(E:\var\www\sabre\html\public/folder2)
MyCollection.getChild(super.docx). path=E:\var\www\sabre\html\public/folder2/super.docx
MyCollection.__construct(E:\var\www\sabre\html\public)
MyCollection.getChild(folder2). path=E:\var\www\sabre\html\public/folder2
MyCollection.__construct(E:\var\www\sabre\html\public/folder2)
MyCollection.getChild(desktop.ini). path=E:\var\www\sabre\html\public/folder2/desktop.ini
MyCollection.__construct(E:\var\www\sabre\html\public)
MyCollection.getChild(folder2). path=E:\var\www\sabre\html\public/folder2
MyCollection.__construct(E:\var\www\sabre\html\public/folder2)
MyCollection.getChild(desktop.ini). path=E:\var\www\sabre\html\public/folder2/desktop.ini
MyCollection.__construct(E:\var\www\sabre\html\public)
MyCollection.getChildren(E:\var\www\sabre\html\public)
MyCollection.getChild(folder1). path=E:\var\www\sabre\html\public/folder1
MyCollection.__construct(E:\var\www\sabre\html\public/folder1)
MyCollection.getChild(folder2). path=E:\var\www\sabre\html\public/folder2
MyCollection.__construct(E:\var\www\sabre\html\public/folder2)
MyCollection.getChild(test.txt). path=E:\var\www\sabre\html\public/test.txt
MyCollection.__construct(E:\var\www\sabre\html\public)
MyCollection.getChild(folder1). path=E:\var\www\sabre\html\public/folder1
MyCollection.__construct(E:\var\www\sabre\html\public/folder1)
MyCollection.getChildren(E:\var\www\sabre\html\public/folder1)
MyCollection.getChild(file.txt). path=E:\var\www\sabre\html\public/folder1/file.txt
MyCollection.__construct(E:\var\www\sabre\html\public)
MyCollection.getChild(folder1). path=E:\var\www\sabre\html\public/folder1
MyCollection.__construct(E:\var\www\sabre\html\public/folder1)
MyCollection.getChild(desktop.ini). path=E:\var\www\sabre\html\public/folder1/desktop.ini
MyCollection.__construct(E:\var\www\sabre\html\public)
MyCollection.getChild(folder1). path=E:\var\www\sabre\html\public/folder1
MyCollection.__construct(E:\var\www\sabre\html\public/folder1)
MyCollection.getChild(desktop.ini). path=E:\var\www\sabre\html\public/folder1/desktop.ini
MyCollection.__construct(E:\var\www\sabre\html\public)
MyCollection.getChildren(E:\var\www\sabre\html\public)
MyCollection.getChild(folder1). path=E:\var\www\sabre\html\public/folder1
MyCollection.__construct(E:\var\www\sabre\html\public/folder1)
MyCollection.getChild(folder2). path=E:\var\www\sabre\html\public/folder2
MyCollection.__construct(E:\var\www\sabre\html\public/folder2)
MyCollection.getChild(test.txt). path=E:\var\www\sabre\html\public/test.txt
MyCollection.__construct(E:\var\www\sabre\html\public)
MyCollection.__construct(E:\var\www\sabre\html\public)
MyCollection.__construct(E:\var\www\sabre\html\public)
MyCollection.__construct(E:\var\www\sabre\html\public)
MyCollection.__construct(E:\var\www\sabre\html\public)
MyCollection.__construct(E:\var\www\sabre\html\public)
MyCollection.__construct(E:\var\www\sabre\html\public)
MyCollection.__construct(E:\var\www\sabre\html\public)
MyCollection.__construct(E:\var\www\sabre\html\public)
MyCollection.__construct(E:\var\www\sabre\html\public)
MyCollection.__construct(E:\var\www\sabre\html\public)
MyCollection.__construct(E:\var\www\sabre\html\public)
MyCollection.__construct(E:\var\www\sabre\html\public)
MyCollection.__construct(E:\var\www\sabre\html\public)
MyCollection.__construct(E:\var\www\sabre\html\public)
MyCollection.__construct(E:\var\www\sabre\html\public)
MyCollection.__construct(E:\var\www\sabre\html\public)
MyCollection.__construct(E:\var\www\sabre\html\public)
MyCollection.__construct(E:\var\www\sabre\html\public)
MyCollection.getChild(Desktop.ini). path=E:\var\www\sabre\html\public/Desktop.ini
MyCollection.__construct(E:\var\www\sabre\html\public)
MyCollection.getChild(Desktop.ini). path=E:\var\www\sabre\html\public/Desktop.ini
MyCollection.__construct(E:\var\www\sabre\html\public)
MyCollection.getChild(AutoRun.inf). path=E:\var\www\sabre\html\public/AutoRun.inf
MyCollection.__construct(E:\var\www\sabre\html\public)
MyCollection.getChild(desktop.ini). path=E:\var\www\sabre\html\public/desktop.ini
MyCollection.__construct(E:\var\www\sabre\html\public)
MyCollection.__construct(E:\var\www\sabre\html\public)
MyCollection.getChild(desktop.ini). path=E:\var\www\sabre\html\public/desktop.ini
MyCollection.__construct(E:\var\www\sabre\html\public)
MyCollection.getChild(desktop.ini). path=E:\var\www\sabre\html\public/desktop.ini
MyCollection.__construct(E:\var\www\sabre\html\public)
MyCollection.getChildren(E:\var\www\sabre\html\public)
MyCollection.getChild(folder1). path=E:\var\www\sabre\html\public/folder1
MyCollection.__construct(E:\var\www\sabre\html\public/folder1)
MyCollection.getChild(folder2). path=E:\var\www\sabre\html\public/folder2
MyCollection.__construct(E:\var\www\sabre\html\public/folder2)
MyCollection.getChild(test.txt). path=E:\var\www\sabre\html\public/test.txt
MyCollection.__construct(E:\var\www\sabre\html\public)
MyCollection.getChild(desktop.ini). path=E:\var\www\sabre\html\public/desktop.ini
MyCollection.__construct(E:\var\www\sabre\html\public)
MyCollection.getChild(desktop.ini). path=E:\var\www\sabre\html\public/desktop.ini
MyCollection.__construct(E:\var\www\sabre\html\public)
MyCollection.getChild(desktop.ini). path=E:\var\www\sabre\html\public/desktop.ini
MyCollection.__construct(E:\var\www\sabre\html\public)
MyCollection.getChild(desktop.ini). path=E:\var\www\sabre\html\public/desktop.ini
MyCollection.__construct(E:\var\www\sabre\html\public)
MyCollection.getChild(desktop.ini). path=E:\var\www\sabre\html\public/desktop.ini
MyCollection.__construct(E:\var\www\sabre\html\public)
MyCollection.getChild(desktop.ini). path=E:\var\www\sabre\html\public/desktop.ini
MyCollection.__construct(E:\var\www\sabre\html\public)
MyCollection.getChild(desktop.ini). path=E:\var\www\sabre\html\public/desktop.ini
MyCollection.__construct(E:\var\www\sabre\html\public)
MyCollection.getChild(desktop.ini). path=E:\var\www\sabre\html\public/desktop.ini
MyCollection.__construct(E:\var\www\sabre\html\public)
MyCollection.__construct(E:\var\www\sabre\html\public)
MyCollection.getChild(desktop.ini). path=E:\var\www\sabre\html\public/desktop.ini
MyCollection.__construct(E:\var\www\sabre\html\public)
MyCollection.getChild(test.txt). path=E:\var\www\sabre\html\public/test.txt
MyCollection.getChild(desktop.ini). path=E:\var\www\sabre\html\public/desktop.ini
MyCollection.__construct(E:\var\www\sabre\html\public)
MyCollection.getChild(desktop.ini). path=E:\var\www\sabre\html\public/desktop.ini
MyCollection.__construct(E:\var\www\sabre\html\public)
MyCollection.getChild(desktop.ini). path=E:\var\www\sabre\html\public/desktop.ini
MyCollection.__construct(E:\var\www\sabre\html\public)
MyCollection.__construct(E:\var\www\sabre\html\public)
MyCollection.__construct(E:\var\www\sabre\html\public)
MyCollection.getChild(desktop.ini). path=E:\var\www\sabre\html\public/desktop.ini
MyCollection.__construct(E:\var\www\sabre\html\public)
MyCollection.__construct(E:\var\www\sabre\html\public)
MyCollection.getChild(desktop.ini). path=E:\var\www\sabre\html\public/desktop.ini
MyCollection.__construct(E:\var\www\sabre\html\public)
MyCollection.getChild(desktop.ini). path=E:\var\www\sabre\html\public/desktop.ini
MyCollection.__construct(E:\var\www\sabre\html\public)
MyCollection.__construct(E:\var\www\sabre\html\public)
MyCollection.__construct(E:\var\www\sabre\html\public)
MyCollection.getChild(desktop.ini). path=E:\var\www\sabre\html\public/desktop.ini
MyCollection.__construct(E:\var\www\sabre\html\public)
MyCollection.getChild(desktop.ini). path=E:\var\www\sabre\html\public/desktop.ini
MyCollection.__construct(E:\var\www\sabre\html\public)
MyCollection.getChildren(E:\var\www\sabre\html\public)
MyCollection.getChild(folder1). path=E:\var\www\sabre\html\public/folder1
MyCollection.__construct(E:\var\www\sabre\html\public/folder1)
MyCollection.getChild(folder2). path=E:\var\www\sabre\html\public/folder2
MyCollection.__construct(E:\var\www\sabre\html\public/folder2)
MyCollection.getChild(test.txt). path=E:\var\www\sabre\html\public/test.txt
MyCollection.__construct(E:\var\www\sabre\html\public)
MyCollection.getChild(desktop.ini). path=E:\var\www\sabre\html\public/desktop.ini
MyCollection.__construct(E:\var\www\sabre\html\public)
MyCollection.getChild(desktop.ini). path=E:\var\www\sabre\html\public/desktop.ini
MyCollection.__construct(E:\var\www\sabre\html\public)
MyCollection.getChild(desktop.ini). path=E:\var\www\sabre\html\public/desktop.ini
MyCollection.__construct(E:\var\www\sabre\html\public)
MyCollection.getChild(desktop.ini). path=E:\var\www\sabre\html\public/desktop.ini
MyCollection.__construct(E:\var\www\sabre\html\public)
MyCollection.getChild(desktop.ini). path=E:\var\www\sabre\html\public/desktop.ini
MyCollection.__construct(E:\var\www\sabre\html\public)
MyCollection.getChild(desktop.ini). path=E:\var\www\sabre\html\public/desktop.ini
MyCollection.__construct(E:\var\www\sabre\html\public)
MyCollection.__construct(E:\var\www\sabre\html\public)
MyCollection.getChild(desktop.ini). path=E:\var\www\sabre\html\public/desktop.ini
MyCollection.__construct(E:\var\www\sabre\html\public)
MyCollection.getChild(desktop.ini). path=E:\var\www\sabre\html\public/desktop.ini
MyCollection.__construct(E:\var\www\sabre\html\public)
MyCollection.getChildren(E:\var\www\sabre\html\public)
MyCollection.getChild(folder1). path=E:\var\www\sabre\html\public/folder1
MyCollection.__construct(E:\var\www\sabre\html\public/folder1)
MyCollection.getChild(folder2). path=E:\var\www\sabre\html\public/folder2
MyCollection.__construct(E:\var\www\sabre\html\public/folder2)
MyCollection.getChild(test.txt). path=E:\var\www\sabre\html\public/test.txt
MyCollection.__construct(E:\var\www\sabre\html\public)
MyCollection.getChild(desktop.ini). path=E:\var\www\sabre\html\public/desktop.ini
MyCollection.__construct(E:\var\www\sabre\html\public)
