init
 DFT:96
Start transaction
Update Menu for target folder 8498
loading all templates structure .. 
 Start sync:
Update references ... 
update TemplateStructureReferences ...
update Templates config References ...
Done
Start processing objects :
.................................................................................................................................................................................................................................................................................................................................................................................................................................................................................................................................................................................................................................................................................................................................................................................................................................................................................................................................................................................................................................................................................................................................................................................................................................................................................................................................................................................................................................................................................................................................................................................................................................................................................................................................................................................................................................................................................................................................................................................................................................................................................................................................................................................................................................................................................................................................................................................................................................................................................................................................................................................................................................................................................................................................................................................................................................................................................................................................................................................................................................................................................................................................................................................................................................................................................................................................................................................................................................................................................................................................................................................................................................................................................................................................................................................................................................................................................................................................................................................................................................................................................................................................................................................................................................................................................................................................................................................................................................................................................................................................................................................................................................................................................................................................................................................................................................................................................................................................................................................................................................................................................................................................................................................................................................................................................................................................................................................................................................................................................................................................................................................................................................................................................................................................................................................................................................................................................................................................................................................................................................................................................................................................................................................................................................................................................................................................................................................
 Done

Processing Users data:
1 4 9 10 11 12 13 14 15 16 17 18 19 20 21 22 23 24 25 26 27 28 29 30 31 32 33 34 35 36 37 38 39 40 41 42 43 44 45 46 47 48 49 50 51 52 53 54 55 56 57 58 59 60 61 62 63 64 65 66 67 68 69 70 71 72 73 74 75 76 77 78 79 80 81 82 89 90 91 92 
 commiting transaction ... 
init
 DFT:8604
 mainTemplateId:8500
Start transaction
Create or update thesauri template
Update Menu for target folder 8941
 Start updating tags:
Update tags references ... 

649, 650 -> 9442, 9443 

651 -> 9446 

651 -> 9446 

418, 604 -> 9154, 9166 

641 -> 9295 

642 -> 9296 

635 -> 9435 

634 -> 9434 

634 -> 9434 

634 -> 9434 

635, 636 -> 9435, 9436 

636 -> 9436 

638 -> 9438 

638 -> 9438 

638, 639 -> 9438, 9439 
Done
Sync template fields config:
......................................................................................................................................................................................................................................................................................................................................................................................................
Updating solr ... 

Process completed.